<?xml version="1.0" encoding="UTF-8"?>
<!-- Generated by org.testng.reporters.JUnitReportReporter -->
<testsuite hostname="DESKTOP-C7GOFP3" failures="0" tests="2" name="CucumberPackage.CucumberProject.test1" time="0.004" errors="0" timestamp="2023-04-05T07:50:47 IST" skipped="0">
  <testcase classname="CucumberPackage.CucumberProject.test1" name="sampleTest5" time="0.002"/>
  <system-out/>
  <testcase classname="CucumberPackage.CucumberProject.test1" name="sampleTest3" time="0.002"/>
  <system-out/>
</testsuite> <!-- CucumberPackage.CucumberProject.test1 -->
