<?xml version="1.0" encoding="UTF-8"?>
<!-- Generated by org.testng.reporters.JUnitReportReporter -->
<testsuite hostname="DESKTOP-C7GOFP3" failures="0" tests="1" name="TestRunner.facebookTestRunner" time="4.610" errors="0" timestamp="2023-06-15T15:02:52 IST" skipped="0">
  <testcase classname="TestRunner.facebookTestRunner" name="runScenario" time="4.610"/>
  <system-out/>
</testsuite> <!-- TestRunner.facebookTestRunner -->
