<?xml version="1.0" encoding="UTF-8"?>
<!-- Generated by org.testng.reporters.JUnitReportReporter -->
<testsuite hostname="DESKTOP-C7GOFP3" failures="0" tests="5" name="CucumberPackage.CucumberProject.test" time="5.993" errors="0" timestamp="2023-04-05T07:57:50 IST" skipped="0">
  <testcase classname="CucumberPackage.CucumberProject.test" name="sampleTest" time="2.472"/>
  <system-out/>
  <testcase classname="CucumberPackage.CucumberProject.test" name="sampleTest2" time="1.374"/>
  <system-out/>
  <testcase classname="CucumberPackage.CucumberProject.test" name="sampleTest" time="2.103"/>
  <system-out/>
  <testcase classname="CucumberPackage.CucumberProject.test" name="sampleTest1" time="0.030"/>
  <system-out/>
  <testcase classname="CucumberPackage.CucumberProject.test" name="sampleTest1" time="0.014"/>
  <system-out/>
</testsuite> <!-- CucumberPackage.CucumberProject.test -->
